<?xml version="1.0" encoding="UTF-8"?>
<robot generator="Robot 3.2.1 (Python 3.8.5 on win32)" generated="20200813 01:35:36.282" rpa="false">
<suite id="s1" name="FirstSeleniumScript" source="C:\Users\nitis\eclipse-workspace\RobotSeleniumProject\TestSelenium\FirstSeleniumScript.robot">
<kw name="Log" library="BuiltIn" type="setup">
<doc>Logs the given message with the given level.</doc>
<arguments>
<arg>I am inside Test Suite Setup</arg>
</arguments>
<msg timestamp="20200813 01:35:36.447" level="INFO">I am inside Test Suite Setup</msg>
<status status="PASS" starttime="20200813 01:35:36.447" endtime="20200813 01:35:36.447"></status>
</kw>
<test id="s1-t1" name="TCforOnlyTagCheck">
<kw name="Log" library="BuiltIn" type="setup">
<doc>Logs the given message with the given level.</doc>
<arguments>
<arg>I am inside Test Case Setup</arg>
</arguments>
<msg timestamp="20200813 01:35:36.448" level="INFO">I am inside Test Case Setup</msg>
<status status="PASS" starttime="20200813 01:35:36.448" endtime="20200813 01:35:36.448"></status>
</kw>
<kw name="Open Browser" library="SeleniumLibrary">
<doc>Opens a new browser instance to the optional ``url``.</doc>
<arguments>
<arg>https://google.com</arg>
<arg>chrome</arg>
</arguments>
<msg timestamp="20200813 01:35:36.448" level="INFO">Opening browser 'chrome' to base url 'https://google.com'.</msg>
<status status="PASS" starttime="20200813 01:35:36.448" endtime="20200813 01:35:41.277"></status>
</kw>
<kw name="Close Browser" library="SeleniumLibrary">
<doc>Closes the current browser.</doc>
<status status="PASS" starttime="20200813 01:35:41.278" endtime="20200813 01:35:43.361"></status>
</kw>
<kw name="Log" library="BuiltIn" type="teardown">
<doc>Logs the given message with the given level.</doc>
<arguments>
<arg>I am inside Test Case Teardown</arg>
</arguments>
<msg timestamp="20200813 01:35:43.364" level="INFO">I am inside Test Case Teardown</msg>
<status status="PASS" starttime="20200813 01:35:43.363" endtime="20200813 01:35:43.364"></status>
</kw>
<tags>
<tag>smoke</tag>
</tags>
<status status="PASS" starttime="20200813 01:35:36.447" endtime="20200813 01:35:43.365" critical="yes"></status>
</test>
<test id="s1-t2" name="MyFirstSeleniumTestCase">
<kw name="Log" library="BuiltIn" type="setup">
<doc>Logs the given message with the given level.</doc>
<arguments>
<arg>I am inside Test Case Setup</arg>
</arguments>
<msg timestamp="20200813 01:35:43.372" level="INFO">I am inside Test Case Setup</msg>
<status status="PASS" starttime="20200813 01:35:43.372" endtime="20200813 01:35:43.373"></status>
</kw>
<kw name="Log" library="BuiltIn">
<doc>Logs the given message with the given level.</doc>
<arguments>
<arg>Hello Selenium</arg>
</arguments>
<msg timestamp="20200813 01:35:43.375" level="INFO">Hello Selenium</msg>
<status status="PASS" starttime="20200813 01:35:43.374" endtime="20200813 01:35:43.375"></status>
</kw>
<kw name="Set Tags" library="BuiltIn">
<doc>Adds given ``tags`` for the current test or all tests in a suite.</doc>
<arguments>
<arg>regression</arg>
</arguments>
<msg timestamp="20200813 01:35:43.377" level="INFO">Set tag 'regression'.</msg>
<status status="PASS" starttime="20200813 01:35:43.376" endtime="20200813 01:35:43.378"></status>
</kw>
<kw name="Open Browser" library="SeleniumLibrary">
<doc>Opens a new browser instance to the optional ``url``.</doc>
<arguments>
<arg>https://google.com</arg>
<arg>chrome</arg>
</arguments>
<msg timestamp="20200813 01:35:43.380" level="INFO">Opening browser 'chrome' to base url 'https://google.com'.</msg>
<status status="PASS" starttime="20200813 01:35:43.379" endtime="20200813 01:35:47.950"></status>
</kw>
<kw name="Set Browser Implicit Wait" library="SeleniumLibrary">
<doc>Sets the implicit wait value used by Selenium.</doc>
<arguments>
<arg>2000</arg>
</arguments>
<status status="PASS" starttime="20200813 01:35:47.951" endtime="20200813 01:35:47.952"></status>
</kw>
<kw name="Input Text" library="SeleniumLibrary">
<doc>Types the given ``text`` into the text field identified by ``locator``.</doc>
<arguments>
<arg>xpath=//input[@type='text']</arg>
<arg>Robot Framework</arg>
</arguments>
<msg timestamp="20200813 01:35:47.952" level="INFO">Typing text 'Robot Framework' into text field 'xpath=//input[@type='text']'.</msg>
<status status="PASS" starttime="20200813 01:35:47.952" endtime="20200813 01:35:48.060"></status>
</kw>
<kw name="Press Keys" library="SeleniumLibrary">
<doc>Simulates the user pressing key(s) to an element or on the active browser.</doc>
<arguments>
<arg>xpath=//input[@type='text']</arg>
<arg>ENTER</arg>
</arguments>
<msg timestamp="20200813 01:35:48.061" level="INFO">Sending key(s) ('ENTER',) to xpath=//input[@type='text'] element.</msg>
<msg timestamp="20200813 01:35:48.340" level="INFO">Pressing special key ENTER to element.</msg>
<msg timestamp="20200813 01:35:48.340" level="INFO">Releasing special key ENTER.</msg>
<status status="PASS" starttime="20200813 01:35:48.060" endtime="20200813 01:35:50.576"></status>
</kw>
<kw name="Sleep" library="BuiltIn">
<doc>Pauses the test executed for the given time.</doc>
<arguments>
<arg>2</arg>
</arguments>
<msg timestamp="20200813 01:35:52.578" level="INFO">Slept 2 seconds</msg>
<status status="PASS" starttime="20200813 01:35:50.577" endtime="20200813 01:35:52.578"></status>
</kw>
<kw name="Close Browser" library="SeleniumLibrary">
<doc>Closes the current browser.</doc>
<status status="PASS" starttime="20200813 01:35:52.580" endtime="20200813 01:35:54.733"></status>
</kw>
<kw name="Log" library="BuiltIn">
<doc>Logs the given message with the given level.</doc>
<arguments>
<arg>Test Completed</arg>
</arguments>
<msg timestamp="20200813 01:35:54.736" level="INFO">Test Completed</msg>
<status status="PASS" starttime="20200813 01:35:54.736" endtime="20200813 01:35:54.736"></status>
</kw>
<kw name="Log" library="BuiltIn" type="teardown">
<doc>Logs the given message with the given level.</doc>
<arguments>
<arg>I am inside Test Case Teardown</arg>
</arguments>
<msg timestamp="20200813 01:35:54.738" level="INFO">I am inside Test Case Teardown</msg>
<status status="PASS" starttime="20200813 01:35:54.738" endtime="20200813 01:35:54.738"></status>
</kw>
<tags>
<tag>regression</tag>
<tag>sanity</tag>
</tags>
<status status="PASS" starttime="20200813 01:35:43.369" endtime="20200813 01:35:54.740" critical="yes"></status>
</test>
<test id="s1-t3" name="TCforUserKeywordsVariables">
<kw name="Log" library="BuiltIn" type="setup">
<doc>Logs the given message with the given level.</doc>
<arguments>
<arg>I am inside Test Case Setup</arg>
</arguments>
<msg timestamp="20200813 01:35:54.746" level="INFO">I am inside Test Case Setup</msg>
<status status="PASS" starttime="20200813 01:35:54.746" endtime="20200813 01:35:54.746"></status>
</kw>
<kw name="Log" library="BuiltIn">
<doc>Logs the given message with the given level.</doc>
<arguments>
<arg>User Keyword &amp; Variable Demo TC</arg>
</arguments>
<msg timestamp="20200813 01:35:54.748" level="INFO">User Keyword &amp; Variable Demo TC</msg>
<status status="PASS" starttime="20200813 01:35:54.748" endtime="20200813 01:35:54.749"></status>
</kw>
<kw name="Set Tags" library="BuiltIn">
<doc>Adds given ``tags`` for the current test or all tests in a suite.</doc>
<arguments>
<arg>smoke2</arg>
</arguments>
<msg timestamp="20200813 01:35:54.751" level="INFO">Set tag 'smoke2'.</msg>
<status status="PASS" starttime="20200813 01:35:54.750" endtime="20200813 01:35:54.751"></status>
</kw>
<kw name="Remove Tags" library="BuiltIn">
<doc>Removes given ``tags`` from the current test or all tests in a suite.</doc>
<arguments>
<arg>smoke2</arg>
</arguments>
<msg timestamp="20200813 01:35:54.754" level="INFO">Removed tag 'smoke2'.</msg>
<status status="PASS" starttime="20200813 01:35:54.752" endtime="20200813 01:35:54.754"></status>
</kw>
<kw name="Open Browser" library="SeleniumLibrary">
<doc>Opens a new browser instance to the optional ``url``.</doc>
<arguments>
<arg>${url}</arg>
<arg>chrome</arg>
</arguments>
<msg timestamp="20200813 01:35:54.756" level="INFO">Opening browser 'chrome' to base url 'https://opensource-demo.orangehrmlive.com/'.</msg>
<status status="PASS" starttime="20200813 01:35:54.756" endtime="20200813 01:36:01.463"></status>
</kw>
<kw name="Set Browser Implicit Wait" library="SeleniumLibrary">
<doc>Sets the implicit wait value used by Selenium.</doc>
<arguments>
<arg>2000</arg>
</arguments>
<status status="PASS" starttime="20200813 01:36:01.464" endtime="20200813 01:36:01.465"></status>
</kw>
<kw name="Input Text" library="SeleniumLibrary">
<doc>Types the given ``text`` into the text field identified by ``locator``.</doc>
<arguments>
<arg>id=txtUsername</arg>
<arg>${username}[thisSite]</arg>
</arguments>
<msg timestamp="20200813 01:36:01.466" level="INFO">Typing text 'Admin' into text field 'id=txtUsername'.</msg>
<status status="PASS" starttime="20200813 01:36:01.466" endtime="20200813 01:36:01.545"></status>
</kw>
<kw name="Input Password" library="SeleniumLibrary">
<doc>Types the given password into the text field identified by ``locator``.</doc>
<arguments>
<arg>id=txtPassword</arg>
<arg>${password}[0]</arg>
</arguments>
<msg timestamp="20200813 01:36:01.546" level="INFO">Typing password into text field 'id=txtPassword'.</msg>
<msg timestamp="20200813 01:36:01.583" level="INFO">Temporally setting log level to: NONE</msg>
<msg timestamp="20200813 01:36:01.621" level="INFO">Log level changed from NONE to INFO.</msg>
<status status="PASS" starttime="20200813 01:36:01.546" endtime="20200813 01:36:01.621"></status>
</kw>
<kw name="Click Button" library="SeleniumLibrary">
<doc>Clicks the button identified by ``locator``.</doc>
<arguments>
<arg>xpath=//*[@id='btnLogin']</arg>
</arguments>
<msg timestamp="20200813 01:36:01.622" level="INFO">Clicking button 'xpath=//*[@id='btnLogin']'.</msg>
<status status="PASS" starttime="20200813 01:36:01.621" endtime="20200813 01:36:06.990"></status>
</kw>
<kw name="Sleep" library="BuiltIn">
<doc>Pauses the test executed for the given time.</doc>
<arguments>
<arg>2</arg>
</arguments>
<msg timestamp="20200813 01:36:08.991" level="INFO">Slept 2 seconds</msg>
<status status="PASS" starttime="20200813 01:36:06.991" endtime="20200813 01:36:08.991"></status>
</kw>
<kw name="ClickWelcomeLink">
<kw name="Click Element" library="SeleniumLibrary">
<doc>Click the element identified by ``locator``.</doc>
<arguments>
<arg>xpath=//*[@id='welcome']</arg>
</arguments>
<msg timestamp="20200813 01:36:08.992" level="INFO">Clicking element 'xpath=//*[@id='welcome']'.</msg>
<status status="PASS" starttime="20200813 01:36:08.991" endtime="20200813 01:36:09.092"></status>
</kw>
<kw name="Sleep" library="BuiltIn">
<doc>Pauses the test executed for the given time.</doc>
<arguments>
<arg>2</arg>
</arguments>
<msg timestamp="20200813 01:36:11.094" level="INFO">Slept 2 seconds</msg>
<status status="PASS" starttime="20200813 01:36:09.092" endtime="20200813 01:36:11.095"></status>
</kw>
<kw name="Click Element" library="SeleniumLibrary">
<doc>Click the element identified by ``locator``.</doc>
<arguments>
<arg>//a[contains(text(),'Logout')]</arg>
</arguments>
<msg timestamp="20200813 01:36:11.096" level="INFO">Clicking element '//a[contains(text(),'Logout')]'.</msg>
<kw name="Capture Page Screenshot" library="SeleniumLibrary">
<doc>Takes a screenshot of the current page and embeds it into a log file.</doc>
<msg timestamp="20200813 01:37:07.531" level="FAIL">NoSuchWindowException: Message: no such window: target window already closed
from unknown error: web view not found
  (Session info: chrome=84.0.4147.125)
</msg>
<status status="FAIL" starttime="20200813 01:37:07.518" endtime="20200813 01:37:07.532"></status>
</kw>
<msg timestamp="20200813 01:37:07.532" level="WARN">Keyword 'Capture Page Screenshot' could not be run on failure: NoSuchWindowException: Message: no such window: target window already closed
from unknown error: web view not found
  (Session info: chrome=84.0.4147.125)
</msg>
<msg timestamp="20200813 01:37:07.536" level="FAIL">Element with locator '//a[contains(text(),'Logout')]' not found.</msg>
<status status="FAIL" starttime="20200813 01:36:11.095" endtime="20200813 01:37:07.536"></status>
</kw>
<status status="FAIL" starttime="20200813 01:36:08.991" endtime="20200813 01:37:07.537"></status>
</kw>
<kw name="Log" library="BuiltIn" type="teardown">
<doc>Logs the given message with the given level.</doc>
<arguments>
<arg>I am inside Test Case Teardown</arg>
</arguments>
<msg timestamp="20200813 01:37:07.538" level="INFO">I am inside Test Case Teardown</msg>
<status status="PASS" starttime="20200813 01:37:07.538" endtime="20200813 01:37:07.538"></status>
</kw>
<tags>
<tag>sanity</tag>
</tags>
<status status="FAIL" starttime="20200813 01:35:54.743" endtime="20200813 01:37:07.539" critical="yes">Element with locator '//a[contains(text(),'Logout')]' not found.</status>
</test>
<kw name="Log" library="BuiltIn" type="teardown">
<doc>Logs the given message with the given level.</doc>
<arguments>
<arg>I am inside Test Suite Teardown</arg>
</arguments>
<msg timestamp="20200813 01:37:07.541" level="INFO">I am inside Test Suite Teardown</msg>
<status status="PASS" starttime="20200813 01:37:07.541" endtime="20200813 01:37:07.542"></status>
</kw>
<status status="FAIL" starttime="20200813 01:35:36.283" endtime="20200813 01:37:07.542"></status>
</suite>
<statistics>
<total>
<stat pass="2" fail="1">Critical Tests</stat>
<stat pass="2" fail="1">All Tests</stat>
</total>
<tag>
<stat pass="1" fail="0">regression</stat>
<stat pass="1" fail="1">sanity</stat>
<stat pass="1" fail="0">smoke</stat>
</tag>
<suite>
<stat pass="2" fail="1" id="s1" name="FirstSeleniumScript">FirstSeleniumScript</stat>
</suite>
</statistics>
<errors>
<msg timestamp="20200813 01:37:07.532" level="WARN">Keyword 'Capture Page Screenshot' could not be run on failure: NoSuchWindowException: Message: no such window: target window already closed
from unknown error: web view not found
  (Session info: chrome=84.0.4147.125)
</msg>
</errors>
</robot>
